[00:38:38] [ServerMain/INFO]: [bootstrap] Running Java 21 (OpenJDK 64-Bit Server VM 21.0.6+7-Ubuntu-120.04.1; Ubuntu null) on Linux 6.5.0-1025-azure (amd64)
[00:38:38] [ServerMain/INFO]: [bootstrap] Loading Paper 1.21.1-131-ver/1.21.1@84281ce (2024-10-31T17:43:44Z) for Minecraft 1.21.1
[00:38:38] [ServerMain/INFO]: [PluginInitializerManager] Initializing plugins...
[00:38:40] [Paper Plugin Remapper Thread - 0/INFO]: [PluginRemapper] Remapping plugin 'plugins/SkinsRestorer (1).jar'...
[00:38:44] [Paper Plugin Remapper Thread - 0/INFO]: [PluginRemapper] Done remapping plugin 'plugins/SkinsRestorer (1).jar' in 3584ms.
[00:38:44] [ServerMain/INFO]: [PluginInitializerManager] Initialized 3 plugins
[00:38:44] [ServerMain/INFO]: [PluginInitializerManager] Bukkit plugins (3):
 - GWarp ([2.13.0.2]), SkinsRestorer (15.5.3), TabTPS (1.3.25)
[00:38:50] [ServerMain/INFO]: Environment: Environment[sessionHost=https://sessionserver.mojang.com, servicesHost=https://api.minecraftservices.com, name=PROD]
[00:38:52] [ServerMain/INFO]: Loaded 1290 recipes
[00:38:52] [ServerMain/INFO]: Loaded 1399 advancements
[00:38:53] [Server thread/INFO]: Starting minecraft server version 1.21.1
[00:38:53] [Server thread/INFO]: Loading properties
[00:38:53] [Server thread/INFO]: This server is running Paper version 1.21.1-131-ver/1.21.1@84281ce (2024-10-31T17:43:44Z) (Implementing API version 1.21.1-R0.1-SNAPSHOT)
[00:38:54] [Server thread/INFO]: [spark] This server bundles the spark profiler. For more information please visit https://docs.papermc.io/paper/profiling
[00:38:54] [Server thread/INFO]: Server Ping Player Sample Count: 12
[00:38:54] [Server thread/INFO]: Using 4 threads for Netty based IO
[00:38:55] [Server thread/INFO]: [ChunkTaskScheduler] Chunk system is using 1 I/O threads, 1 worker threads, and population gen parallelism of 1 threads
[00:38:55] [Server thread/INFO]: Default game type: SURVIVAL
[00:38:55] [Server thread/INFO]: Generating keypair
[00:38:55] [Server thread/INFO]: Starting Minecraft server on *:25565
[00:38:55] [Server thread/INFO]: Using epoll channel type
[00:38:55] [Server thread/INFO]: Paper: Using libdeflate (Linux x86_64) compression from Velocity.
[00:38:55] [Server thread/INFO]: Paper: Using OpenSSL 1.1.x (Linux x86_64) cipher from Velocity.
[00:38:56] [Server thread/INFO]: [SkinsRestorer] Loading server plugin SkinsRestorer v15.5.3
[00:38:56] [Server thread/INFO]: [GWarp] Loading server plugin GWarp v[2.13.0.2]
[00:38:56] [Server thread/INFO]: [TabTPS] Loading server plugin TabTPS v1.3.25
[00:38:56] [Server thread/INFO]: Server permissions file permissions.yml is empty, ignoring it
[00:38:56] [Server thread/INFO]: [SkinsRestorer] Enabling SkinsRestorer v15.5.3
[00:38:57] [Server thread/WARN]: [SkinsRestorer] You must agree to the rules at 'commands.perSkinPermissionsConsent' in the config to use per skin permissions.
[00:38:57] [Server thread/INFO]: [SkinsRestorer] Running on Minecraft 1.21.1.
[00:38:58] [Server thread/INFO]: [SkinsRestorer] Using paper join listener!
[00:38:58] [Server thread/WARN]: **** SERVER IS RUNNING IN OFFLINE/INSECURE MODE!
[00:38:58] [Server thread/WARN]: The server will make no attempt to authenticate usernames. Beware.
[00:38:58] [Server thread/WARN]: While this makes the game possible to play without internet access, it also opens up the ability for hackers to connect with any username they choose.
[00:38:58] [Server thread/WARN]: To change this, set "online-mode" to "true" in the server.properties file.
[00:38:58] [Server thread/INFO]: Preparing level "world"
[00:38:58] [Folia Async Scheduler Thread #1/INFO]: [SkinsRestorer] ----------------------------------------------
[00:38:58] [Folia Async Scheduler Thread #1/INFO]: [SkinsRestorer]     +==================+
[00:38:58] [Folia Async Scheduler Thread #1/INFO]: [SkinsRestorer]     |   SkinsRestorer  |
[00:38:58] [Folia Async Scheduler Thread #1/INFO]: [SkinsRestorer]     |------------------|
[00:38:58] [Folia Async Scheduler Thread #1/INFO]: [SkinsRestorer]     |  Standalone Mode |
[00:38:58] [Folia Async Scheduler Thread #1/INFO]: [SkinsRestorer]     +==================+
[00:38:58] [Folia Async Scheduler Thread #1/INFO]: [SkinsRestorer] ----------------------------------------------
[00:38:58] [Folia Async Scheduler Thread #1/INFO]: [SkinsRestorer]     Version: 15.5.3
[00:38:58] [Folia Async Scheduler Thread #1/INFO]: [SkinsRestorer]     Commit: 86e796c
[00:38:58] [Folia Async Scheduler Thread #1/INFO]: [SkinsRestorer]     This is the latest version!
[00:38:58] [Folia Async Scheduler Thread #1/INFO]: [SkinsRestorer] ----------------------------------------------
[00:38:58] [Folia Async Scheduler Thread #1/INFO]: [SkinsRestorer] Do you have issues? Read our troubleshooting guide: https://skinsrestorer.net/docs/troubleshooting
[00:38:58] [Folia Async Scheduler Thread #1/INFO]: [SkinsRestorer] Want to support SkinsRestorer? Consider donating: https://skinsrestorer.net/donate
[00:38:58] [Server thread/INFO]: Preparing start region for dimension minecraft:overworld
[00:38:59] [Server thread/INFO]: Time elapsed: 1094 ms
[00:38:59] [Server thread/INFO]: Preparing start region for dimension minecraft:the_nether
[00:39:00] [Server thread/INFO]: Time elapsed: 931 ms
[00:39:00] [Server thread/INFO]: Preparing start region for dimension minecraft:the_end
[00:39:00] [Server thread/INFO]: Time elapsed: 115 ms
[00:39:00] [Server thread/INFO]: [GWarp] Enabling GWarp v[2.13.0.2]
[00:39:00] [Server thread/INFO]: [GWarp] The Plugin was successfully enabled.
[00:39:01] [Server thread/INFO]: [TabTPS] Enabling TabTPS v1.3.25
[00:39:02] [Server thread/INFO]: [spark] Starting background profiler...
[00:39:02] [Server thread/INFO]: Done preparing level "world" (4.456s)
[00:39:02] [Server thread/INFO]: Running delayed init tasks
[00:39:02] [Server thread/INFO]: Done (26.860s)! For help, type "help"
[00:39:02] [Server thread/INFO]: Timings Reset
[00:39:03] [Craft Scheduler Thread - 2 - TabTPS/INFO]: [TabTPS] There is an update available for TabTPS!
[00:39:03] [Craft Scheduler Thread - 2 - TabTPS/INFO]: [TabTPS] This server is running version v1.3.25, which is 1 versions outdated.
[00:39:03] [Craft Scheduler Thread - 2 - TabTPS/INFO]: [TabTPS] Download the latest version, v1.3.26 from GitHub at the link below:
[00:39:03] [Craft Scheduler Thread - 2 - TabTPS/INFO]: [TabTPS] https://github.com/jpenilla/TabTPS/releases/tag/v1.3.26
[00:39:46] [User Authenticator #0/INFO]: UUID of player Termostato34 is a62bbb5f-22fb-364c-8ce6-21a51aa29739
[00:39:47] [Server thread/INFO]: Termostato34 joined the game
[00:39:47] [Server thread/INFO]: Termostato34[/127.0.204.211:44633] logged in with entity id 125 at ([world]-130.97836145291637, 179.0, -267.5085259199022)
[00:39:59] [Server thread/INFO]: Termostato34 lost connection: Disconnected
[00:39:59] [Server thread/INFO]: Termostato34 left the game
[00:40:05] [Server thread/INFO]: Stopping the server
[00:40:05] [Server thread/INFO]: Stopping server
[00:40:05] [Server thread/INFO]: [TabTPS] Disabling TabTPS v1.3.25
[00:40:05] [Server thread/INFO]: [GWarp] Disabling GWarp v[2.13.0.2]
[00:40:05] [Server thread/INFO]: [GWarp] The Plugin was successfully disabled.
[00:40:05] [Server thread/INFO]: [SkinsRestorer] Disabling SkinsRestorer v15.5.3
[00:40:05] [Server thread/INFO]: Saving players
[00:40:05] [Server thread/INFO]: Saving worlds
[00:40:05] [Server thread/INFO]: Saving chunks for level 'ServerLevel[world]'/minecraft:overworld
[00:40:05] [Server thread/INFO]: [ChunkHolderManager] Waiting 60s for chunk system to halt for world 'world'
[00:40:05] [Server thread/INFO]: [ChunkHolderManager] Halted chunk system for world 'world'
[00:40:05] [Server thread/INFO]: [ChunkHolderManager] Saving all chunkholders for world 'world'
[00:40:06] [Server thread/INFO]: [ChunkHolderManager] Saved 622 block chunks, 622 entity chunks, 0 poi chunks in world 'world' in 0.36s
[00:40:06] [Server thread/INFO]: Saving chunks for level 'ServerLevel[world_nether]'/minecraft:the_nether
[00:40:06] [Server thread/INFO]: [ChunkHolderManager] Waiting 60s for chunk system to halt for world 'world_nether'
[00:40:06] [Server thread/INFO]: [ChunkHolderManager] Halted chunk system for world 'world_nether'
[00:40:06] [Server thread/INFO]: [ChunkHolderManager] Saving all chunkholders for world 'world_nether'
[00:40:06] [Server thread/INFO]: [ChunkHolderManager] Saved 49 block chunks, 49 entity chunks, 0 poi chunks in world 'world_nether' in 0.07s
[00:40:06] [Server thread/INFO]: Saving chunks for level 'ServerLevel[world_the_end]'/minecraft:the_end
[00:40:06] [Server thread/INFO]: [ChunkHolderManager] Waiting 60s for chunk system to halt for world 'world_the_end'
[00:40:06] [Server thread/INFO]: [ChunkHolderManager] Halted chunk system for world 'world_the_end'
[00:40:06] [Server thread/INFO]: [ChunkHolderManager] Saving all chunkholders for world 'world_the_end'
[00:40:06] [Server thread/INFO]: [ChunkHolderManager] Saved 49 block chunks, 49 entity chunks, 0 poi chunks in world 'world_the_end' in 0.04s
[00:40:06] [Server thread/INFO]: ThreadedAnvilChunkStorage (world): All chunks are saved
[00:40:06] [Server thread/INFO]: ThreadedAnvilChunkStorage (DIM-1): All chunks are saved
[00:40:06] [Server thread/INFO]: ThreadedAnvilChunkStorage (DIM1): All chunks are saved
[00:40:06] [Server thread/INFO]: ThreadedAnvilChunkStorage: All dimensions are saved
